2011-08-14 17:41:06	Run quick mode
2011-08-14 17:41:06	Create new PhpWsdl instance
2011-08-14 17:41:06	Call hook BeforeCreateInstanceHook
2011-08-14 17:41:06	PhpWsdl constructor called
2011-08-14 17:41:06	Optimizer is enabled
2011-08-14 17:41:06	Namespace is http://wan24.de/test/temp/
2011-08-14 17:41:06	Endpoint is http://wan24.de/test/temp/demoserver.php
2011-08-14 17:41:06	Call hook ConstructorHook
2011-08-14 17:41:06	Call hook CreateInstanceHook
2011-08-14 17:41:06	Run the server
2011-08-14 17:41:06	Call hook BeforeRunServerHook
2011-08-14 17:41:06	Call PhpWsdlServers::BeforeRunServerHook
2011-08-14 17:41:06	Output HTML
2011-08-14 17:41:06	Create WSDL
2011-08-14 17:41:06	Try to get WSDL from the cache
2011-08-14 17:41:06	Get WSDL from cache
2011-08-14 17:41:06	Call hook CacheFileNameHook
2011-08-14 17:41:06	Check cache valid
2011-08-14 17:41:06	Check cache file exists ./cache/ee00370173afee8f7b68270a015877cfc1ea325f.wsdl
2011-08-14 17:41:06	Get WSDL from cache
2011-08-14 17:41:06	Call hook CacheFileNameHook
2011-08-14 17:41:06	Check cache valid
2011-08-14 17:41:06	Check cache file exists ./cache/ee00370173afee8f7b68270a015877cfc1ea325f.wsdl
2011-08-14 17:41:06	Parse the source
2011-08-14 17:41:06	Load source files
2011-08-14 17:41:06	Run the parser
2011-08-14 17:41:06	New PhpWsdlParser
2011-08-14 17:41:06	Parse a string
2011-08-14 17:41:06	Call hook BeforeParseHook
2011-08-14 17:41:06	Matched 11 relevant strings to parse
2011-08-14 17:41:06	Keywords: Array
(
    [0] => Array
        (
            [0] => service
            [1] => SoapDemo
        )

)

2011-08-14 17:41:06	Docs: This demo webservice shows you how to work with PhpWsdl
2011-08-14 17:41:06	Interpret definition
2011-08-14 17:41:06	Call hook BeforeInterpretDefinitionHook
2011-08-14 17:41:06	Interpret keyword Array
(
    [0] => service
    [1] => SoapDemo
)

2011-08-14 17:41:06	Call hook InterpretKeywordHook
2011-08-14 17:41:06	Call hook InterpretKeywordserviceHook
2011-08-14 17:41:06	Call PhpWsdl::InterpretService
2011-08-14 17:41:06	Interpret service
2011-08-14 17:41:06	Keyword not handled
2011-08-14 17:41:06	Call hook CreateObjectHook
2011-08-14 17:41:06	Call PhpWsdlMethod::CreateMethodObject
2011-08-14 17:41:06	Call PhpWsdlComplex::CreateComplexTypeObject
2011-08-14 17:41:06	Call hook AfterInterpretDefinitionHook
2011-08-14 17:41:06	Object not created
2011-08-14 17:41:06	Method: "GetComplexType"
2011-08-14 17:41:06	Keywords: Array
(
    [0] => Array
        (
            [0] => return
            [1] => ComplexTypeDemo The object
        )

    [1] => Array
        (
            [0] => pw_rest
            [1] => GET /GetComplexType This is the REST server path (see the PhpWsdlServers extension)
        )

)

2011-08-14 17:41:06	Docs: Get a complex type object
2011-08-14 17:41:06	Interpret definition
2011-08-14 17:41:06	Call hook BeforeInterpretDefinitionHook
2011-08-14 17:41:06	Interpret keyword Array
(
    [0] => return
    [1] => ComplexTypeDemo The object
)

2011-08-14 17:41:06	Call hook InterpretKeywordHook
2011-08-14 17:41:06	Call hook InterpretKeywordreturnHook
2011-08-14 17:41:06	Call PhpWsdlParam::InterpretReturn
2011-08-14 17:41:06	Interpret return
2011-08-14 17:41:06	New parameter return
2011-08-14 17:41:06	New PhpWsdlObject "return" with GUID "4e47ec929eec4"
2011-08-14 17:41:06	Handler stopped hook execution
2011-08-14 17:41:06	Interpret keyword Array
(
    [0] => pw_rest
    [1] => GET /GetComplexType This is the REST server path (see the PhpWsdlServers extension)
)

2011-08-14 17:41:06	Call hook InterpretKeywordHook
2011-08-14 17:41:06	Call hook InterpretKeywordpw_restHook
2011-08-14 17:41:06	Call PhpWsdlServers::InterpretRest
2011-08-14 17:41:06	Interpret REST "GET /GetComplexType This is the REST server path (see the PhpWsdlServers extension)" for method "GetComplexType"
2011-08-14 17:41:06	Handler stopped hook execution
2011-08-14 17:41:06	Call hook CreateObjectHook
2011-08-14 17:41:06	Call PhpWsdlMethod::CreateMethodObject
2011-08-14 17:41:06	Add method GetComplexType
2011-08-14 17:41:06	Find method GetComplexType
2011-08-14 17:41:06	New method GetComplexType
2011-08-14 17:41:06	New PhpWsdlObject "GetComplexType" with GUID "4e47ec929f336"
2011-08-14 17:41:06	Call PhpWsdlComplex::CreateComplexTypeObject
2011-08-14 17:41:06	Call hook AfterInterpretDefinitionHook
2011-08-14 17:41:06	Object created
2011-08-14 17:41:06	Method: "PrintComplexType"
2011-08-14 17:41:06	Keywords: Array
(
    [0] => Array
        (
            [0] => param
            [1] => ComplexTypeDemo $obj The object
        )

    [1] => Array
        (
            [0] => return
            [1] => string The result of print_r
        )

    [2] => Array
        (
            [0] => pw_rest
            [1] => GET /PrintComplexType/:obj This is the REST server path (see the PhpWsdlServers extension)
        )

)

2011-08-14 17:41:06	Docs: Print an object
2011-08-14 17:41:06	Interpret definition
2011-08-14 17:41:06	Call hook BeforeInterpretDefinitionHook
2011-08-14 17:41:06	Interpret keyword Array
(
    [0] => param
    [1] => ComplexTypeDemo $obj The object
)

2011-08-14 17:41:06	Call hook InterpretKeywordHook
2011-08-14 17:41:06	Call hook InterpretKeywordparamHook
2011-08-14 17:41:06	Call PhpWsdlParam::InterpretParam
2011-08-14 17:41:06	Interpret parameter obj
2011-08-14 17:41:06	New parameter obj
2011-08-14 17:41:06	New PhpWsdlObject "obj" with GUID "4e47ec929f84a"
2011-08-14 17:41:06	Handler stopped hook execution
2011-08-14 17:41:06	Interpret keyword Array
(
    [0] => return
    [1] => string The result of print_r
)

2011-08-14 17:41:06	Call hook InterpretKeywordHook
2011-08-14 17:41:06	Call hook InterpretKeywordreturnHook
2011-08-14 17:41:06	Call PhpWsdlParam::InterpretReturn
2011-08-14 17:41:06	Interpret return
2011-08-14 17:41:06	New parameter return
2011-08-14 17:41:06	New PhpWsdlObject "return" with GUID "4e47ec929faed"
2011-08-14 17:41:06	Handler stopped hook execution
2011-08-14 17:41:06	Interpret keyword Array
(
    [0] => pw_rest
    [1] => GET /PrintComplexType/:obj This is the REST server path (see the PhpWsdlServers extension)
)

2011-08-14 17:41:06	Call hook InterpretKeywordHook
2011-08-14 17:41:06	Call hook InterpretKeywordpw_restHook
2011-08-14 17:41:06	Call PhpWsdlServers::InterpretRest
2011-08-14 17:41:06	Interpret REST "GET /PrintComplexType/:obj This is the REST server path (see the PhpWsdlServers extension)" for method "PrintComplexType"
2011-08-14 17:41:06	Handler stopped hook execution
2011-08-14 17:41:06	Call hook CreateObjectHook
2011-08-14 17:41:06	Call PhpWsdlMethod::CreateMethodObject
2011-08-14 17:41:06	Add method PrintComplexType
2011-08-14 17:41:06	Find method PrintComplexType
2011-08-14 17:41:06	New method PrintComplexType
2011-08-14 17:41:06	New PhpWsdlObject "PrintComplexType" with GUID "4e47ec929ff3b"
2011-08-14 17:41:06	Call PhpWsdlComplex::CreateComplexTypeObject
2011-08-14 17:41:06	Call hook AfterInterpretDefinitionHook
2011-08-14 17:41:06	Object created
2011-08-14 17:41:06	Method: "ComplexTypeArrayDemo"
2011-08-14 17:41:06	Keywords: Array
(
    [0] => Array
        (
            [0] => param
            [1] => ComplexTypeDemoArray $arr A ComplexTypeDemo array
        )

    [1] => Array
        (
            [0] => return
            [1] => stringArray The results of print_r
        )

    [2] => Array
        (
            [0] => pw_rest
            [1] => GET /ComplexTypeArrayDemo/:arr This is the REST server path (see the PhpWsdlServers extension)
        )

)

2011-08-14 17:41:06	Docs: Print an array of objects
2011-08-14 17:41:06	Interpret definition
2011-08-14 17:41:06	Call hook BeforeInterpretDefinitionHook
2011-08-14 17:41:06	Interpret keyword Array
(
    [0] => param
    [1] => ComplexTypeDemoArray $arr A ComplexTypeDemo array
)

2011-08-14 17:41:06	Call hook InterpretKeywordHook
2011-08-14 17:41:06	Call hook InterpretKeywordparamHook
2011-08-14 17:41:06	Call PhpWsdlParam::InterpretParam
2011-08-14 17:41:06	Interpret parameter arr
2011-08-14 17:41:06	New parameter arr
2011-08-14 17:41:06	New PhpWsdlObject "arr" with GUID "4e47ec92a0444"
2011-08-14 17:41:06	Handler stopped hook execution
2011-08-14 17:41:06	Interpret keyword Array
(
    [0] => return
    [1] => stringArray The results of print_r
)

2011-08-14 17:41:06	Call hook InterpretKeywordHook
2011-08-14 17:41:06	Call hook InterpretKeywordreturnHook
2011-08-14 17:41:06	Call PhpWsdlParam::InterpretReturn
2011-08-14 17:41:06	Interpret return
2011-08-14 17:41:06	New parameter return
2011-08-14 17:41:06	New PhpWsdlObject "return" with GUID "4e47ec92a06ed"
2011-08-14 17:41:06	Handler stopped hook execution
2011-08-14 17:41:06	Interpret keyword Array
(
    [0] => pw_rest
    [1] => GET /ComplexTypeArrayDemo/:arr This is the REST server path (see the PhpWsdlServers extension)
)

2011-08-14 17:41:06	Call hook InterpretKeywordHook
2011-08-14 17:41:06	Call hook InterpretKeywordpw_restHook
2011-08-14 17:41:06	Call PhpWsdlServers::InterpretRest
2011-08-14 17:41:06	Interpret REST "GET /ComplexTypeArrayDemo/:arr This is the REST server path (see the PhpWsdlServers extension)" for method "ComplexTypeArrayDemo"
2011-08-14 17:41:06	Handler stopped hook execution
2011-08-14 17:41:06	Call hook CreateObjectHook
2011-08-14 17:41:06	Call PhpWsdlMethod::CreateMethodObject
2011-08-14 17:41:06	Add method ComplexTypeArrayDemo
2011-08-14 17:41:06	Find method ComplexTypeArrayDemo
2011-08-14 17:41:06	New method ComplexTypeArrayDemo
2011-08-14 17:41:06	New PhpWsdlObject "ComplexTypeArrayDemo" with GUID "4e47ec92a0b33"
2011-08-14 17:41:06	Call PhpWsdlComplex::CreateComplexTypeObject
2011-08-14 17:41:06	Call hook AfterInterpretDefinitionHook
2011-08-14 17:41:06	Object created
2011-08-14 17:41:06	Method: "SayHello"
2011-08-14 17:41:06	Keywords: Array
(
    [0] => Array
        (
            [0] => param
            [1] => string $name Some name (or an empty string)
        )

    [1] => Array
        (
            [0] => return
            [1] => string Response string
        )

    [2] => Array
        (
            [0] => pw_rest
            [1] => GET /SayHello/blubber This is the REST server path (see the PhpWsdlServers extension) for telling hello to unknown
        )

    [3] => Array
        (
            [0] => pw_rest
            [1] => GET /SayHello/:name This is the REST server path (see the PhpWsdlServers extension)
        )

)

2011-08-14 17:41:06	Docs: Say hello demo
2011-08-14 17:41:06	Interpret definition
2011-08-14 17:41:06	Call hook BeforeInterpretDefinitionHook
2011-08-14 17:41:06	Interpret keyword Array
(
    [0] => param
    [1] => string $name Some name (or an empty string)
)

2011-08-14 17:41:06	Call hook InterpretKeywordHook
2011-08-14 17:41:06	Call hook InterpretKeywordparamHook
2011-08-14 17:41:06	Call PhpWsdlParam::InterpretParam
2011-08-14 17:41:06	Interpret parameter name
2011-08-14 17:41:06	New parameter name
2011-08-14 17:41:06	New PhpWsdlObject "name" with GUID "4e47ec92a104e"
2011-08-14 17:41:06	Handler stopped hook execution
2011-08-14 17:41:06	Interpret keyword Array
(
    [0] => return
    [1] => string Response string
)

2011-08-14 17:41:06	Call hook InterpretKeywordHook
2011-08-14 17:41:06	Call hook InterpretKeywordreturnHook
2011-08-14 17:41:06	Call PhpWsdlParam::InterpretReturn
2011-08-14 17:41:06	Interpret return
2011-08-14 17:41:06	New parameter return
2011-08-14 17:41:06	New PhpWsdlObject "return" with GUID "4e47ec92a12ee"
2011-08-14 17:41:06	Handler stopped hook execution
2011-08-14 17:41:06	Interpret keyword Array
(
    [0] => pw_rest
    [1] => GET /SayHello/blubber This is the REST server path (see the PhpWsdlServers extension) for telling hello to unknown
)

2011-08-14 17:41:06	Call hook InterpretKeywordHook
2011-08-14 17:41:06	Call hook InterpretKeywordpw_restHook
2011-08-14 17:41:06	Call PhpWsdlServers::InterpretRest
2011-08-14 17:41:06	Interpret REST "GET /SayHello/blubber This is the REST server path (see the PhpWsdlServers extension) for telling hello to unknown" for method "SayHello"
2011-08-14 17:41:06	Handler stopped hook execution
2011-08-14 17:41:06	Interpret keyword Array
(
    [0] => pw_rest
    [1] => GET /SayHello/:name This is the REST server path (see the PhpWsdlServers extension)
)

2011-08-14 17:41:06	Call hook InterpretKeywordHook
2011-08-14 17:41:06	Call hook InterpretKeywordpw_restHook
2011-08-14 17:41:06	Call PhpWsdlServers::InterpretRest
2011-08-14 17:41:06	Interpret REST "GET /SayHello/:name This is the REST server path (see the PhpWsdlServers extension)" for method "SayHello"
2011-08-14 17:41:06	Handler stopped hook execution
2011-08-14 17:41:06	Call hook CreateObjectHook
2011-08-14 17:41:06	Call PhpWsdlMethod::CreateMethodObject
2011-08-14 17:41:06	Add method SayHello
2011-08-14 17:41:06	Find method SayHello
2011-08-14 17:41:06	New method SayHello
2011-08-14 17:41:06	New PhpWsdlObject "SayHello" with GUID "4e47ec92a192f"
2011-08-14 17:41:06	Call PhpWsdlComplex::CreateComplexTypeObject
2011-08-14 17:41:06	Call hook AfterInterpretDefinitionHook
2011-08-14 17:41:06	Object created
2011-08-14 17:41:06	Method: "DemoMethod"
2011-08-14 17:41:06	Keywords: Array
(
    [0] => Array
        (
            [0] => pw_rest
            [1] => GET /DemoMethod This is the REST server path (see the PhpWsdlServers extension)
        )

)

2011-08-14 17:41:06	Docs: This method has no parameters and no return value, but it is visible in WSDL, too
2011-08-14 17:41:06	Interpret definition
2011-08-14 17:41:06	Call hook BeforeInterpretDefinitionHook
2011-08-14 17:41:06	Interpret keyword Array
(
    [0] => pw_rest
    [1] => GET /DemoMethod This is the REST server path (see the PhpWsdlServers extension)
)

2011-08-14 17:41:06	Call hook InterpretKeywordHook
2011-08-14 17:41:06	Call hook InterpretKeywordpw_restHook
2011-08-14 17:41:06	Call PhpWsdlServers::InterpretRest
2011-08-14 17:41:06	Interpret REST "GET /DemoMethod This is the REST server path (see the PhpWsdlServers extension)" for method "DemoMethod"
2011-08-14 17:41:06	Handler stopped hook execution
2011-08-14 17:41:06	Call hook CreateObjectHook
2011-08-14 17:41:06	Call PhpWsdlMethod::CreateMethodObject
2011-08-14 17:41:06	Add method DemoMethod
2011-08-14 17:41:06	Find method DemoMethod
2011-08-14 17:41:06	New method DemoMethod
2011-08-14 17:41:06	New PhpWsdlObject "DemoMethod" with GUID "4e47ec92a1fe2"
2011-08-14 17:41:06	Call PhpWsdlComplex::CreateComplexTypeObject
2011-08-14 17:41:06	Call hook AfterInterpretDefinitionHook
2011-08-14 17:41:06	Object created
2011-08-14 17:41:06	Method: "PrintVariable"
2011-08-14 17:41:06	Keywords: Array
(
    [0] => Array
        (
            [0] => pw_omitfnc
            [1] => 
        )

    [1] => Array
        (
            [0] => param
            [1] => unknown_type $var
        )

    [2] => Array
        (
            [0] => return
            [1] => string
        )

)

2011-08-14 17:41:06	Docs: This method should not be visible in WSDL - but notice:
If the PHP SoapServer doesn't know the WSDL, this method is still accessable for SOAP requests!
2011-08-14 17:41:06	Interpret definition
2011-08-14 17:41:06	Call hook BeforeInterpretDefinitionHook
2011-08-14 17:41:06	Interpret keyword Array
(
    [0] => pw_omitfnc
    [1] => 
)

2011-08-14 17:41:06	Call hook InterpretKeywordHook
2011-08-14 17:41:06	Call hook InterpretKeywordpw_omitfncHook
2011-08-14 17:41:06	Call PhpWsdlMethod::InterpretOmit
2011-08-14 17:41:06	Interpret omitfnc/ignore
2011-08-14 17:41:06	Keywords: Array
(
    [0] => Array
        (
            [0] => pw_element
            [1] => string $StringA A string with a value
        )

    [1] => Array
        (
            [0] => pw_element
            [1] => string $StringB A string with a NULL value
        )

    [2] => Array
        (
            [0] => pw_set
            [1] => nillable=false The next element can't be NULL
        )

    [3] => Array
        (
            [0] => pw_element
            [1] => int $Integer An integer
        )

    [4] => Array
        (
            [0] => pw_set
            [1] => nillable=false The next element can't be NULL
        )

    [5] => Array
        (
            [0] => pw_element
            [1] => boolean $Boolean A boolean
        )

    [6] => Array
        (
            [0] => pw_complex
            [1] => ComplexTypeDemo The complex type name definition
        )

)

2011-08-14 17:41:06	Docs: This is how to define a complex type f.e. - the class ComplexTypeDemo doesn't need to exists,
but it would make it easier for you to return that complex type from a method
2011-08-14 17:41:06	Interpret definition
2011-08-14 17:41:06	Call hook BeforeInterpretDefinitionHook
2011-08-14 17:41:06	Interpret keyword Array
(
    [0] => pw_element
    [1] => string $StringA A string with a value
)

2011-08-14 17:41:06	Call hook InterpretKeywordHook
2011-08-14 17:41:06	Call hook InterpretKeywordpw_elementHook
2011-08-14 17:41:06	Call PhpWsdlElement::InterpretElement
2011-08-14 17:41:06	Interpret element StringA
2011-08-14 17:41:06	New complex type element StringA
2011-08-14 17:41:06	New parameter StringA
2011-08-14 17:41:06	New PhpWsdlObject "StringA" with GUID "4e47ec92a2874"
2011-08-14 17:41:06	Handler stopped hook execution
2011-08-14 17:41:06	Interpret keyword Array
(
    [0] => pw_element
    [1] => string $StringB A string with a NULL value
)

2011-08-14 17:41:06	Call hook InterpretKeywordHook
2011-08-14 17:41:06	Call hook InterpretKeywordpw_elementHook
2011-08-14 17:41:06	Call PhpWsdlElement::InterpretElement
2011-08-14 17:41:06	Interpret element StringB
2011-08-14 17:41:06	New complex type element StringB
2011-08-14 17:41:06	New parameter StringB
2011-08-14 17:41:06	New PhpWsdlObject "StringB" with GUID "4e47ec92a2b6c"
2011-08-14 17:41:06	Handler stopped hook execution
2011-08-14 17:41:06	Interpret keyword Array
(
    [0] => pw_set
    [1] => nillable=false The next element can't be NULL
)

2011-08-14 17:41:06	Call hook InterpretKeywordHook
2011-08-14 17:41:06	Call hook InterpretKeywordpw_setHook
2011-08-14 17:41:06	Call PhpWsdlMethod::InterpretSetting
2011-08-14 17:41:06	Interpret setting nillable=false
2011-08-14 17:41:06	Handler stopped hook execution
2011-08-14 17:41:06	Interpret keyword Array
(
    [0] => pw_element
    [1] => int $Integer An integer
)

2011-08-14 17:41:06	Call hook InterpretKeywordHook
2011-08-14 17:41:06	Call hook InterpretKeywordpw_elementHook
2011-08-14 17:41:06	Call PhpWsdlElement::InterpretElement
2011-08-14 17:41:06	Interpret element Integer
2011-08-14 17:41:06	New complex type element Integer
2011-08-14 17:41:06	New parameter Integer
2011-08-14 17:41:06	New PhpWsdlObject "Integer" with GUID "4e47ec92a3063"
2011-08-14 17:41:06	Handler stopped hook execution
2011-08-14 17:41:06	Interpret keyword Array
(
    [0] => pw_set
    [1] => nillable=false The next element can't be NULL
)

2011-08-14 17:41:06	Call hook InterpretKeywordHook
2011-08-14 17:41:06	Call hook InterpretKeywordpw_setHook
2011-08-14 17:41:06	Call PhpWsdlMethod::InterpretSetting
2011-08-14 17:41:06	Interpret setting nillable=false
2011-08-14 17:41:06	Handler stopped hook execution
2011-08-14 17:41:06	Interpret keyword Array
(
    [0] => pw_element
    [1] => boolean $Boolean A boolean
)

2011-08-14 17:41:06	Call hook InterpretKeywordHook
2011-08-14 17:41:06	Call hook InterpretKeywordpw_elementHook
2011-08-14 17:41:06	Call PhpWsdlElement::InterpretElement
2011-08-14 17:41:06	Interpret element Boolean
2011-08-14 17:41:06	New complex type element Boolean
2011-08-14 17:41:06	New parameter Boolean
2011-08-14 17:41:06	New PhpWsdlObject "Boolean" with GUID "4e47ec92a3554"
2011-08-14 17:41:06	Handler stopped hook execution
2011-08-14 17:41:06	Interpret keyword Array
(
    [0] => pw_complex
    [1] => ComplexTypeDemo The complex type name definition
)

2011-08-14 17:41:06	Call hook InterpretKeywordHook
2011-08-14 17:41:06	Call hook InterpretKeywordpw_complexHook
2011-08-14 17:41:06	Call PhpWsdlComplex::InterpretComplex
2011-08-14 17:41:06	Find type ComplexTypeDemo
2011-08-14 17:41:06	Interpreted complex type ComplexTypeDemo
2011-08-14 17:41:06	Handler stopped hook execution
2011-08-14 17:41:06	Call hook CreateObjectHook
2011-08-14 17:41:06	Call PhpWsdlMethod::CreateMethodObject
2011-08-14 17:41:06	Call PhpWsdlComplex::CreateComplexTypeObject
2011-08-14 17:41:06	Add complex type ComplexTypeDemo
2011-08-14 17:41:06	New complex type ComplexTypeDemo
2011-08-14 17:41:06	New PhpWsdlObject "ComplexTypeDemo" with GUID "4e47ec92a39fa"
2011-08-14 17:41:06	Call hook AfterInterpretDefinitionHook
2011-08-14 17:41:06	Object created
2011-08-14 17:41:06	Keywords: Array
(
    [0] => Array
        (
            [0] => pw_complex
            [1] => stringArray A string array type
        )

)

2011-08-14 17:41:06	Interpret definition
2011-08-14 17:41:06	Call hook BeforeInterpretDefinitionHook
2011-08-14 17:41:06	Interpret keyword Array
(
    [0] => pw_complex
    [1] => stringArray A string array type
)

2011-08-14 17:41:06	Call hook InterpretKeywordHook
2011-08-14 17:41:06	Call hook InterpretKeywordpw_complexHook
2011-08-14 17:41:06	Call PhpWsdlComplex::InterpretComplex
2011-08-14 17:41:06	Find type stringArray
2011-08-14 17:41:06	Interpreted complex type stringArray
2011-08-14 17:41:06	Handler stopped hook execution
2011-08-14 17:41:06	Call hook CreateObjectHook
2011-08-14 17:41:06	Call PhpWsdlMethod::CreateMethodObject
2011-08-14 17:41:06	Call PhpWsdlComplex::CreateComplexTypeObject
2011-08-14 17:41:06	Add complex type stringArray
2011-08-14 17:41:06	New complex type stringArray
2011-08-14 17:41:06	New PhpWsdlObject "stringArray" with GUID "4e47ec92a402c"
2011-08-14 17:41:06	Call hook AfterInterpretDefinitionHook
2011-08-14 17:41:06	Object created
2011-08-14 17:41:06	Keywords: Array
(
    [0] => Array
        (
            [0] => pw_complex
            [1] => ComplexTypeDemoArray An array of ComplexTypeDemo
        )

)

2011-08-14 17:41:06	Interpret definition
2011-08-14 17:41:06	Call hook BeforeInterpretDefinitionHook
2011-08-14 17:41:06	Interpret keyword Array
(
    [0] => pw_complex
    [1] => ComplexTypeDemoArray An array of ComplexTypeDemo
)

2011-08-14 17:41:06	Call hook InterpretKeywordHook
2011-08-14 17:41:06	Call hook InterpretKeywordpw_complexHook
2011-08-14 17:41:06	Call PhpWsdlComplex::InterpretComplex
2011-08-14 17:41:06	Find type ComplexTypeDemoArray
2011-08-14 17:41:06	Interpreted complex type ComplexTypeDemoArray
2011-08-14 17:41:06	Handler stopped hook execution
2011-08-14 17:41:06	Call hook CreateObjectHook
2011-08-14 17:41:06	Call PhpWsdlMethod::CreateMethodObject
2011-08-14 17:41:06	Call PhpWsdlComplex::CreateComplexTypeObject
2011-08-14 17:41:06	Add complex type ComplexTypeDemoArray
2011-08-14 17:41:06	New complex type ComplexTypeDemoArray
2011-08-14 17:41:06	New PhpWsdlObject "ComplexTypeDemoArray" with GUID "4e47ec92a462f"
2011-08-14 17:41:06	Call hook AfterInterpretDefinitionHook
2011-08-14 17:41:06	Object created
2011-08-14 17:41:06	Keywords: Array
(
    [0] => Array
        (
            [0] => pw_complex
            [1] => arrayOfInt[] int An int array type
        )

)

2011-08-14 17:41:06	Interpret definition
2011-08-14 17:41:06	Call hook BeforeInterpretDefinitionHook
2011-08-14 17:41:06	Interpret keyword Array
(
    [0] => pw_complex
    [1] => arrayOfInt[] int An int array type
)

2011-08-14 17:41:06	Call hook InterpretKeywordHook
2011-08-14 17:41:06	Call hook InterpretKeywordpw_complexHook
2011-08-14 17:41:06	Call PhpWsdlComplex::InterpretComplex
2011-08-14 17:41:06	Find type arrayOfInt
2011-08-14 17:41:06	Interpreted complex type arrayOfInt[]
2011-08-14 17:41:06	Handler stopped hook execution
2011-08-14 17:41:06	Call hook CreateObjectHook
2011-08-14 17:41:06	Call PhpWsdlMethod::CreateMethodObject
2011-08-14 17:41:06	Call PhpWsdlComplex::CreateComplexTypeObject
2011-08-14 17:41:06	Add complex type arrayOfInt
2011-08-14 17:41:06	New complex type arrayOfInt
2011-08-14 17:41:06	New PhpWsdlObject "arrayOfInt" with GUID "4e47ec92a4c4a"
2011-08-14 17:41:06	Call hook AfterInterpretDefinitionHook
2011-08-14 17:41:06	Object created
2011-08-14 17:41:06	Call hook AfterParseHook
2011-08-14 17:41:06	Determine configuration
2011-08-14 17:41:06	Call hook CreateWsdlHeaderHook
2011-08-14 17:41:06	Call PhpWsdl::CreateWsdlHeader
2011-08-14 17:41:06	CreateWsdlHeader
2011-08-14 17:41:06	Call hook CreateWsdlTypeSchemaHook
2011-08-14 17:41:06	Call PhpWsdl::CreateWsdlTypeSchema
2011-08-14 17:41:06	CreateWsdlTypeSchema
2011-08-14 17:41:06	Create WSDL definition for type ComplexTypeDemo as array
2011-08-14 17:41:06	Create WSDL definition for type stringArray as array
2011-08-14 17:41:06	Create WSDL definition for type ComplexTypeDemoArray as array
2011-08-14 17:41:06	Create WSDL definition for type arrayOfInt as array
2011-08-14 17:41:06	Call hook CreateWsdlTypesHook
2011-08-14 17:41:06	Call hook CreateWsdlMessagesHook
2011-08-14 17:41:06	Call PhpWsdl::CreateWsdlMessages
2011-08-14 17:41:06	CreateWsdlMessages
2011-08-14 17:41:06	Create WSDL message for method GetComplexType
2011-08-14 17:41:06	Create WSDL definition for parameter part return
2011-08-14 17:41:06	Call hook TranslateTypeHook
2011-08-14 17:41:06	Create WSDL message for method PrintComplexType
2011-08-14 17:41:06	Create WSDL definition for parameter part obj
2011-08-14 17:41:06	Call hook TranslateTypeHook
2011-08-14 17:41:06	Create WSDL definition for parameter part return
2011-08-14 17:41:06	Call hook TranslateTypeHook
2011-08-14 17:41:06	Create WSDL message for method ComplexTypeArrayDemo
2011-08-14 17:41:06	Create WSDL definition for parameter part arr
2011-08-14 17:41:06	Call hook TranslateTypeHook
2011-08-14 17:41:06	Create WSDL definition for parameter part return
2011-08-14 17:41:06	Call hook TranslateTypeHook
2011-08-14 17:41:06	Create WSDL message for method SayHello
2011-08-14 17:41:06	Create WSDL definition for parameter part name
2011-08-14 17:41:06	Call hook TranslateTypeHook
2011-08-14 17:41:06	Create WSDL definition for parameter part return
2011-08-14 17:41:06	Call hook TranslateTypeHook
2011-08-14 17:41:06	Create WSDL message for method DemoMethod
2011-08-14 17:41:06	Call hook CreateWsdlPortsHook
2011-08-14 17:41:06	Call PhpWsdl::CreateWsdlPorts
2011-08-14 17:41:06	CreateWsdlPorts
2011-08-14 17:41:06	Create WSDL port type for method GetComplexType
2011-08-14 17:41:06	Create WSDL port type for method PrintComplexType
2011-08-14 17:41:06	Create WSDL port type for method ComplexTypeArrayDemo
2011-08-14 17:41:06	Create WSDL port type for method SayHello
2011-08-14 17:41:06	Create WSDL port type for method DemoMethod
2011-08-14 17:41:06	Call hook CreateWsdlPortsAddHook
2011-08-14 17:41:06	Call hook CreateWsdlBindingsHook
2011-08-14 17:41:06	Call PhpWsdl::CreateWsdlBindings
2011-08-14 17:41:06	CreateWsdlBindings
2011-08-14 17:41:06	Create WSDL binding for method GetComplexType
2011-08-14 17:41:06	Create WSDL binding for method PrintComplexType
2011-08-14 17:41:06	Create WSDL binding for method ComplexTypeArrayDemo
2011-08-14 17:41:06	Create WSDL binding for method SayHello
2011-08-14 17:41:06	Create WSDL binding for method DemoMethod
2011-08-14 17:41:06	Call hook CreateWsdlBindingsAddHook
2011-08-14 17:41:06	Call hook CreateWsdlServiceHook
2011-08-14 17:41:06	Call PhpWsdl::CreateWsdlService
2011-08-14 17:41:06	CreateWsdlService
2011-08-14 17:41:06	Call hook CreateWsdlServiceAddHook
2011-08-14 17:41:06	Call hook CreateWsdlFooterHook
2011-08-14 17:41:06	Call PhpWsdl::CreateWsdlFooter
2011-08-14 17:41:06	CreateWsdlFooter
2011-08-14 17:41:06	Call hook CreateWsdlOptimizeHook
2011-08-14 17:41:06	Call PhpWsdl::CreateWsdlOptimize
2011-08-14 17:41:06	CreateWsdlOptimize
2011-08-14 17:41:06	Optimize XML
2011-08-14 17:41:06	Cache created WSDL
2011-08-14 17:41:06	Write WSDL to the cache
2011-08-14 17:41:06	Call hook CacheFileNameHook
2011-08-14 17:41:06	Write to ./cache/ee00370173afee8f7b68270a015877cfc1ea325f.wsdl
2011-08-14 17:41:06	Call hook WriteCacheHook
2011-08-14 17:41:06	Call hook OutputHtmlHook
2011-08-14 17:41:06	Get WSDL from cache
2011-08-14 17:41:06	Call hook CreateHtmlCssHook
2011-08-14 17:41:06	Call hook CreateHtmlCssPrintHook
2011-08-14 17:41:06	Sort objects by name
2011-08-14 17:41:06	Sort objects by name
2011-08-14 17:41:06	Call hook CreateHtmlGeneralHook
2011-08-14 17:41:06	Call PhpWsdl::CreateHtmlGeneral
2011-08-14 17:41:06	CreateHtmlGeneral
2011-08-14 17:41:06	Call PhpWsdlServers::CreateHtmlGeneralHook
2011-08-14 17:41:06	Call hook CreateHtmlIndexHook
2011-08-14 17:41:06	Call PhpWsdl::CreateHtmlIndex
2011-08-14 17:41:06	CreateHtmlIndex
2011-08-14 17:41:06	Call hook CreateHtmlComplexTypesHook
2011-08-14 17:41:06	Call PhpWsdl::CreateHtmlComplexTypes
2011-08-14 17:41:06	CreateHtmlComplexTypes
2011-08-14 17:41:06	CreateTypeHtml for ComplexTypeDemo
2011-08-14 17:41:06	CreateTypeHtml for ComplexTypeDemoArray
2011-08-14 17:41:06	CreateTypeHtml for arrayOfInt
2011-08-14 17:41:06	CreateTypeHtml for stringArray
2011-08-14 17:41:06	Call hook CreateHtmlMethodsHook
2011-08-14 17:41:06	Call PhpWsdl::CreateHtmlMethods
2011-08-14 17:41:06	CreateHtmlMethods
2011-08-14 17:41:06	CreateMethodHtml for ComplexTypeArrayDemo
2011-08-14 17:41:06	CreateParamHtml for arr
2011-08-14 17:41:06	CreateReturnHtml for return
2011-08-14 17:41:06	CreateMethodHtml for DemoMethod
2011-08-14 17:41:06	CreateMethodHtml for GetComplexType
2011-08-14 17:41:06	CreateReturnHtml for return
2011-08-14 17:41:06	CreateMethodHtml for PrintComplexType
2011-08-14 17:41:06	CreateParamHtml for obj
2011-08-14 17:41:06	CreateReturnHtml for return
2011-08-14 17:41:06	CreateMethodHtml for SayHello
2011-08-14 17:41:06	CreateParamHtml for name
2011-08-14 17:41:06	CreateReturnHtml for return
2011-08-14 17:41:06	Call hook SendHtmlHook
2011-08-14 17:41:06	Write WSDL to the cache
2011-08-14 17:41:06	Call hook CacheFileNameHook
2011-08-14 17:41:06	Write to ./cache/ee00370173afee8f7b68270a015877cfc1ea325f.wsdl
2011-08-14 17:41:06	Call hook WriteCacheHook
2011-08-14 17:41:06	Exit script execution
